<?xml version="1.0" encoding="UTF-8"?>
<!-- Generated by org.testng.reporters.JUnitReportReporter -->
<testsuite hostname="HIJ-LP094" failures="0" tests="4" name="com.crm.qa.testcases.GmailInboxPageTest" time="139.820" errors="0" timestamp="2021-03-17T15:03:54 IST" skipped="0">
  <testcase classname="com.crm.qa.testcases.GmailInboxPageTest" name="SwitchWindowTest" time="35.152"/>
  <system-out/>
  <testcase classname="com.crm.qa.testcases.GmailInboxPageTest" name="ComposeMailTest" time="34.412"/>
  <system-out/>
  <testcase classname="com.crm.qa.testcases.GmailInboxPageTest" name="ClickOnSentItemBoxTest" time="37.835"/>
  <system-out/>
  <testcase classname="com.crm.qa.testcases.GmailInboxPageTest" name="InvlaidUserNameMailSendTest" time="32.421"/>
  <system-out/>
</testsuite> <!-- com.crm.qa.testcases.GmailInboxPageTest -->
