<?xml version="1.0" encoding="UTF-8"?>
<!-- Generated by org.testng.reporters.JUnitReportReporter -->
<testsuite hostname="HIJ-LP094" failures="0" tests="2" name="com.crm.qa.testcases.GmailHomePageTest" time="44.263" errors="0" timestamp="2021-03-17T15:03:54 IST" skipped="0">
  <testcase classname="com.crm.qa.testcases.GmailHomePageTest" name="VerifyClickOnGoogleAppTest" time="23.201"/>
  <system-out/>
  <testcase classname="com.crm.qa.testcases.GmailHomePageTest" name="VerifyClickOnGmailIconTest" time="21.062"/>
  <system-out/>
</testsuite> <!-- com.crm.qa.testcases.GmailHomePageTest -->
