<?xml version="1.0" encoding="UTF-8"?>
<!-- Generated by org.testng.reporters.JUnitReportReporter -->
<testsuite hostname="HIJ-LP094" name="com.crm.qa.testcases.GmailHomePageTest" tests="2" failures="0" timestamp="16 Mar 2021 17:22:48 GMT" time="37.243" errors="0">
  <testcase name="VerifyClickOnGmailIconTest" time="20.335" classname="com.crm.qa.testcases.GmailHomePageTest"/>
  <testcase name="VerifyClickOnGoogleAppTest" time="16.908" classname="com.crm.qa.testcases.GmailHomePageTest"/>
</testsuite> <!-- com.crm.qa.testcases.GmailHomePageTest -->
