<?xml version="1.0" encoding="UTF-8"?>
<!-- Generated by org.testng.reporters.JUnitReportReporter -->
<testsuite hostname="HIJ-LP094" name="com.crm.qa.testcases.GmailInboxPageTest" tests="4" failures="0" timestamp="16 Mar 2021 17:22:48 GMT" time="123.851" errors="0">
  <testcase name="ComposeMailTest" time="34.248" classname="com.crm.qa.testcases.GmailInboxPageTest"/>
  <testcase name="SwitchWindowTest" time="29.362" classname="com.crm.qa.testcases.GmailInboxPageTest"/>
  <testcase name="InvlaidUserNameMailSendTest" time="29.075" classname="com.crm.qa.testcases.GmailInboxPageTest"/>
  <testcase name="ClickOnSentItemBoxTest" time="31.166" classname="com.crm.qa.testcases.GmailInboxPageTest"/>
</testsuite> <!-- com.crm.qa.testcases.GmailInboxPageTest -->
